[ 2020-07-03 09:19:16 ] [ INFO ] [ server.cc ] [ 22 ] [ Connection to database succeeded ]
[ 2020-07-03 09:19:31 ] [ INFO ] [ server.cc ] [ 58 ] [ Get Create Submit! ]
[ 2020-07-03 09:19:31 ] [ INFO ] [ server.cc ] [ 66 ] [ submit name: 牛奔 ]
[ 2020-07-03 09:19:31 ] [ INFO ] [ server.cc ] [ 67 ] [ submit ename: NiuBenn ]
[ 2020-07-03 09:19:31 ] [ INFO ] [ server.cc ] [ 68 ] [ submit sex: 男 ]
[ 2020-07-03 09:19:31 ] [ INFO ] [ server.cc ] [ 69 ] [ submit age: 19 ]
[ 2020-07-03 09:19:31 ] [ INFO ] [ server.cc ] [ 70 ] [ submit phone: 13772076061 ]
[ 2020-07-03 09:19:31 ] [ INFO ] [ server.cc ] [ 71 ] [ submit addr: 陕西省西安市 ]
[ 2020-07-03 09:19:31 ] [ INFO ] [ server.cc ] [ 72 ] [ submit code: 926597 ]
[ 2020-07-03 09:19:31 ] [ INFO ] [ server.cc ] [ 95 ] [ Invalid verification code ]
[ 2020-07-03 12:30:30 ] [ INFO ] [ server.cc ] [ 22 ] [ Connection to database succeeded ]
[ 2020-07-03 12:33:21 ] [ INFO ] [ server.cc ] [ 22 ] [ Connection to database succeeded ]
[ 2020-07-03 12:36:22 ] [ INFO ] [ server.cc ] [ 33 ] [ Get Init ]
[ 2020-07-03 12:36:22 ] [ INFO ] [ ../data/data.hpp ] [ 65 ] [ get init data ]
[ 2020-07-03 12:36:22 ] [ INFO ] [ ../data/data.hpp ] [ 68 ] [ sql: select id,ename,feature from faceinfo; ]
[ 2020-07-03 12:36:22 ] [ INFO ] [ ../data/data.hpp ] [ 106 ] [ ature count:  ]
[ 2020-07-03 12:47:07 ] [ INFO ] [ server.cc ] [ 33 ] [ Get Init ]
[ 2020-07-03 12:47:07 ] [ INFO ] [ ../data/data.hpp ] [ 65 ] [ get init data ]
[ 2020-07-03 12:47:07 ] [ INFO ] [ ../data/data.hpp ] [ 68 ] [ sql: select id,ename,feature from faceinfo; ]
[ 2020-07-03 12:47:07 ] [ INFO ] [ ../data/data.hpp ] [ 106 ] [ ature count:  ]
[ 2020-07-03 12:52:27 ] [ INFO ] [ server.cc ] [ 33 ] [ Get Init ]
[ 2020-07-03 12:52:27 ] [ INFO ] [ ../data/data.hpp ] [ 65 ] [ get init data ]
[ 2020-07-03 12:52:27 ] [ INFO ] [ ../data/data.hpp ] [ 68 ] [ sql: select id,ename,feature from faceinfo; ]
[ 2020-07-03 12:52:27 ] [ INFO ] [ ../data/data.hpp ] [ 106 ] [ ature count:  ]
[ 2020-07-03 12:54:42 ] [ INFO ] [ server.cc ] [ 33 ] [ Get Init ]
[ 2020-07-03 12:54:42 ] [ INFO ] [ ../data/data.hpp ] [ 65 ] [ get init data ]
[ 2020-07-03 12:54:42 ] [ INFO ] [ ../data/data.hpp ] [ 68 ] [ sql: select id,ename,feature from faceinfo; ]
[ 2020-07-03 12:54:42 ] [ INFO ] [ ../data/data.hpp ] [ 106 ] [ ature count:  ]
[ 2020-07-03 12:55:50 ] [ INFO ] [ server.cc ] [ 125 ] [ Get clock ]
[ 2020-07-03 12:55:50 ] [ INFO ] [ server.cc ] [ 127 ] [ id: 73 ]
[ 2020-07-03 12:55:50 ] [ INFO ] [ ../data/data.hpp ] [ 148 ] [ check_in info add ]
[ 2020-07-03 12:55:50 ] [ INFO ] [ ../data/data.hpp ] [ 159 ] [ sql: select * from check_in_info_73 where date='2020-07-03'; ]
[ 2020-07-03 12:55:50 ] [ INFO ] [ ../data/data.hpp ] [ 165 ] [ select date from check_in_info_73 success ]
[ 2020-07-03 12:55:50 ] [ INFO ] [ ../data/data.hpp ] [ 186 ] [ sql: update check_in_info_73 set end_time='12:55:50' , work_time=10.300000 where date='2020-07-03'; ]
[ 2020-07-03 12:55:50 ] [ INFO ] [ ../data/data.hpp ] [ 192 ] [ update data for check_in_info_73 success ]
[ 2020-07-03 12:55:50 ] [ INFO ] [ ../data/data.hpp ] [ 193 ] [ update end_time: 02:37:53 to 12:55:50 work_time: 10.300000 ]
[ 2020-07-03 12:55:52 ] [ INFO ] [ server.cc ] [ 125 ] [ Get clock ]
[ 2020-07-03 12:55:52 ] [ INFO ] [ server.cc ] [ 127 ] [ id: 73 ]
[ 2020-07-03 12:55:52 ] [ INFO ] [ ../data/data.hpp ] [ 148 ] [ check_in info add ]
[ 2020-07-03 12:55:52 ] [ INFO ] [ ../data/data.hpp ] [ 159 ] [ sql: select * from check_in_info_73 where date='2020-07-03'; ]
[ 2020-07-03 12:55:52 ] [ INFO ] [ ../data/data.hpp ] [ 165 ] [ select date from check_in_info_73 success ]
[ 2020-07-03 12:55:52 ] [ INFO ] [ ../data/data.hpp ] [ 186 ] [ sql: update check_in_info_73 set end_time='12:55:52' , work_time=0.000000 where date='2020-07-03'; ]
[ 2020-07-03 12:55:52 ] [ INFO ] [ ../data/data.hpp ] [ 192 ] [ update data for check_in_info_73 success ]
[ 2020-07-03 12:55:52 ] [ INFO ] [ ../data/data.hpp ] [ 193 ] [ update end_time: 12:55:50 to 12:55:52 work_time: 0.000000 ]
[ 2020-07-03 12:55:54 ] [ INFO ] [ server.cc ] [ 125 ] [ Get clock ]
[ 2020-07-03 12:55:54 ] [ INFO ] [ server.cc ] [ 127 ] [ id: 73 ]
[ 2020-07-03 12:55:54 ] [ INFO ] [ ../data/data.hpp ] [ 148 ] [ check_in info add ]
[ 2020-07-03 12:55:54 ] [ INFO ] [ ../data/data.hpp ] [ 159 ] [ sql: select * from check_in_info_73 where date='2020-07-03'; ]
[ 2020-07-03 12:55:54 ] [ INFO ] [ ../data/data.hpp ] [ 165 ] [ select date from check_in_info_73 success ]
[ 2020-07-03 12:55:54 ] [ INFO ] [ ../data/data.hpp ] [ 186 ] [ sql: update check_in_info_73 set end_time='12:55:54' , work_time=0.000000 where date='2020-07-03'; ]
[ 2020-07-03 12:55:54 ] [ INFO ] [ ../data/data.hpp ] [ 192 ] [ update data for check_in_info_73 success ]
[ 2020-07-03 12:55:54 ] [ INFO ] [ ../data/data.hpp ] [ 193 ] [ update end_time: 12:55:52 to 12:55:54 work_time: 0.000000 ]
[ 2020-07-03 12:56:00 ] [ INFO ] [ server.cc ] [ 125 ] [ Get clock ]
[ 2020-07-03 12:56:00 ] [ INFO ] [ server.cc ] [ 127 ] [ id: 73 ]
[ 2020-07-03 12:56:00 ] [ INFO ] [ ../data/data.hpp ] [ 148 ] [ check_in info add ]
[ 2020-07-03 12:56:00 ] [ INFO ] [ ../data/data.hpp ] [ 159 ] [ sql: select * from check_in_info_73 where date='2020-07-03'; ]
[ 2020-07-03 12:56:00 ] [ INFO ] [ ../data/data.hpp ] [ 165 ] [ select date from check_in_info_73 success ]
[ 2020-07-03 12:56:00 ] [ INFO ] [ ../data/data.hpp ] [ 186 ] [ sql: update check_in_info_73 set end_time='12:56:00' , work_time=0.016667 where date='2020-07-03'; ]
[ 2020-07-03 12:56:00 ] [ INFO ] [ ../data/data.hpp ] [ 192 ] [ update data for check_in_info_73 success ]
[ 2020-07-03 12:56:00 ] [ INFO ] [ ../data/data.hpp ] [ 193 ] [ update end_time: 12:55:54 to 12:56:00 work_time: 0.016667 ]
[ 2020-07-03 12:56:02 ] [ INFO ] [ server.cc ] [ 125 ] [ Get clock ]
[ 2020-07-03 12:56:02 ] [ INFO ] [ server.cc ] [ 127 ] [ id: 73 ]
[ 2020-07-03 12:56:02 ] [ INFO ] [ ../data/data.hpp ] [ 148 ] [ check_in info add ]
[ 2020-07-03 12:56:02 ] [ INFO ] [ ../data/data.hpp ] [ 159 ] [ sql: select * from check_in_info_73 where date='2020-07-03'; ]
[ 2020-07-03 12:56:02 ] [ INFO ] [ ../data/data.hpp ] [ 165 ] [ select date from check_in_info_73 success ]
[ 2020-07-03 12:56:02 ] [ INFO ] [ ../data/data.hpp ] [ 186 ] [ sql: update check_in_info_73 set end_time='12:56:02' , work_time=0.000000 where date='2020-07-03'; ]
[ 2020-07-03 12:56:02 ] [ INFO ] [ ../data/data.hpp ] [ 192 ] [ update data for check_in_info_73 success ]
[ 2020-07-03 12:56:02 ] [ INFO ] [ ../data/data.hpp ] [ 193 ] [ update end_time: 12:56:00 to 12:56:02 work_time: 0.000000 ]
[ 2020-07-03 12:57:23 ] [ INFO ] [ server.cc ] [ 33 ] [ Get Init ]
[ 2020-07-03 12:57:23 ] [ INFO ] [ ../data/data.hpp ] [ 65 ] [ get init data ]
[ 2020-07-03 12:57:23 ] [ INFO ] [ ../data/data.hpp ] [ 68 ] [ sql: select id,ename,feature from faceinfo; ]
[ 2020-07-03 12:57:23 ] [ INFO ] [ ../data/data.hpp ] [ 106 ] [ ature count:  ]
[ 2020-07-03 12:57:48 ] [ INFO ] [ server.cc ] [ 33 ] [ Get Init ]
[ 2020-07-03 12:57:48 ] [ INFO ] [ ../data/data.hpp ] [ 65 ] [ get init data ]
[ 2020-07-03 12:57:48 ] [ INFO ] [ ../data/data.hpp ] [ 68 ] [ sql: select id,ename,feature from faceinfo; ]
[ 2020-07-03 12:57:48 ] [ INFO ] [ ../data/data.hpp ] [ 106 ] [ ature count:  ]
[ 2020-07-03 12:57:56 ] [ INFO ] [ server.cc ] [ 125 ] [ Get clock ]
[ 2020-07-03 12:57:56 ] [ INFO ] [ server.cc ] [ 127 ] [ id: 73 ]
[ 2020-07-03 12:57:56 ] [ INFO ] [ ../data/data.hpp ] [ 148 ] [ check_in info add ]
[ 2020-07-03 12:57:56 ] [ INFO ] [ ../data/data.hpp ] [ 159 ] [ sql: select * from check_in_info_73 where date='2020-07-03'; ]
[ 2020-07-03 12:57:56 ] [ INFO ] [ ../data/data.hpp ] [ 165 ] [ select date from check_in_info_73 success ]
[ 2020-07-03 12:57:56 ] [ INFO ] [ ../data/data.hpp ] [ 186 ] [ sql: update check_in_info_73 set end_time='12:57:56' , work_time=0.016667 where date='2020-07-03'; ]
[ 2020-07-03 12:57:56 ] [ INFO ] [ ../data/data.hpp ] [ 192 ] [ update data for check_in_info_73 success ]
[ 2020-07-03 12:57:56 ] [ INFO ] [ ../data/data.hpp ] [ 193 ] [ update end_time: 12:56:02 to 12:57:56 work_time: 0.016667 ]
[ 2020-07-03 12:57:58 ] [ INFO ] [ server.cc ] [ 125 ] [ Get clock ]
[ 2020-07-03 12:57:58 ] [ INFO ] [ server.cc ] [ 127 ] [ id: 73 ]
[ 2020-07-03 12:57:58 ] [ INFO ] [ ../data/data.hpp ] [ 148 ] [ check_in info add ]
[ 2020-07-03 12:57:58 ] [ INFO ] [ ../data/data.hpp ] [ 159 ] [ sql: select * from check_in_info_73 where date='2020-07-03'; ]
[ 2020-07-03 12:57:58 ] [ INFO ] [ ../data/data.hpp ] [ 165 ] [ select date from check_in_info_73 success ]
[ 2020-07-03 12:57:58 ] [ INFO ] [ ../data/data.hpp ] [ 186 ] [ sql: update check_in_info_73 set end_time='12:57:58' , work_time=0.000000 where date='2020-07-03'; ]
[ 2020-07-03 12:57:58 ] [ INFO ] [ ../data/data.hpp ] [ 192 ] [ update data for check_in_info_73 success ]
[ 2020-07-03 12:57:58 ] [ INFO ] [ ../data/data.hpp ] [ 193 ] [ update end_time: 12:57:56 to 12:57:58 work_time: 0.000000 ]
[ 2020-07-03 13:06:27 ] [ INFO ] [ server.cc ] [ 22 ] [ Connection to database succeeded ]
[ 2020-07-03 13:06:34 ] [ INFO ] [ server.cc ] [ 33 ] [ Get Init ]
[ 2020-07-03 13:06:34 ] [ INFO ] [ ../data/data.hpp ] [ 65 ] [ get init data ]
[ 2020-07-03 13:06:34 ] [ INFO ] [ ../data/data.hpp ] [ 68 ] [ sql: select id,ename,feature from faceinfo; ]
[ 2020-07-03 13:06:34 ] [ INFO ] [ ../data/data.hpp ] [ 106 ] [ ature count:  ]
[ 2020-07-03 13:07:34 ] [ INFO ] [ server.cc ] [ 33 ] [ Get Init ]
[ 2020-07-03 13:07:34 ] [ INFO ] [ ../data/data.hpp ] [ 65 ] [ get init data ]
[ 2020-07-03 13:07:34 ] [ INFO ] [ ../data/data.hpp ] [ 68 ] [ sql: select id,ename,feature from faceinfo; ]
[ 2020-07-03 13:07:34 ] [ INFO ] [ ../data/data.hpp ] [ 106 ] [ ature count:  ]
[ 2020-07-03 13:07:37 ] [ INFO ] [ server.cc ] [ 125 ] [ Get clock ]
[ 2020-07-03 13:07:37 ] [ INFO ] [ server.cc ] [ 127 ] [ id: 73 ]
[ 2020-07-03 13:07:37 ] [ INFO ] [ ../data/data.hpp ] [ 148 ] [ check_in info add ]
[ 2020-07-03 13:07:37 ] [ INFO ] [ ../data/data.hpp ] [ 159 ] [ sql: select * from check_in_info_73 where date='2020-07-03'; ]
[ 2020-07-03 13:07:37 ] [ INFO ] [ ../data/data.hpp ] [ 165 ] [ select date from check_in_info_73 success ]
[ 2020-07-03 13:07:37 ] [ INFO ] [ ../data/data.hpp ] [ 186 ] [ sql: update check_in_info_73 set end_time='13:07:37' , work_time=0.166667 where date='2020-07-03'; ]
[ 2020-07-03 13:07:37 ] [ INFO ] [ ../data/data.hpp ] [ 192 ] [ update data for check_in_info_73 success ]
[ 2020-07-03 13:07:37 ] [ INFO ] [ ../data/data.hpp ] [ 193 ] [ update end_time: 12:57:58 to 13:07:37 work_time: 0.166667 ]
[ 2020-07-03 13:08:32 ] [ INFO ] [ server.cc ] [ 33 ] [ Get Init ]
[ 2020-07-03 13:08:32 ] [ INFO ] [ ../data/data.hpp ] [ 65 ] [ get init data ]
[ 2020-07-03 13:08:32 ] [ INFO ] [ ../data/data.hpp ] [ 68 ] [ sql: select id,ename,feature from faceinfo; ]
[ 2020-07-03 13:08:32 ] [ INFO ] [ ../data/data.hpp ] [ 106 ] [ ature count:  ]
[ 2020-07-03 13:09:23 ] [ INFO ] [ server.cc ] [ 33 ] [ Get Init ]
[ 2020-07-03 13:09:23 ] [ INFO ] [ ../data/data.hpp ] [ 65 ] [ get init data ]
[ 2020-07-03 13:09:23 ] [ INFO ] [ ../data/data.hpp ] [ 68 ] [ sql: select id,ename,feature from faceinfo; ]
[ 2020-07-03 13:09:23 ] [ INFO ] [ ../data/data.hpp ] [ 106 ] [ ature count:  ]
[ 2020-07-03 13:10:45 ] [ INFO ] [ server.cc ] [ 33 ] [ Get Init ]
[ 2020-07-03 13:10:45 ] [ INFO ] [ ../data/data.hpp ] [ 65 ] [ get init data ]
[ 2020-07-03 13:10:45 ] [ INFO ] [ ../data/data.hpp ] [ 68 ] [ sql: select id,ename,feature from faceinfo; ]
[ 2020-07-03 13:10:45 ] [ INFO ] [ ../data/data.hpp ] [ 106 ] [ ature count:  ]
[ 2020-07-03 13:10:49 ] [ INFO ] [ server.cc ] [ 125 ] [ Get clock ]
[ 2020-07-03 13:10:49 ] [ INFO ] [ server.cc ] [ 127 ] [ id: 74 ]
[ 2020-07-03 13:10:49 ] [ INFO ] [ ../data/data.hpp ] [ 148 ] [ check_in info add ]
[ 2020-07-03 13:10:49 ] [ INFO ] [ ../data/data.hpp ] [ 159 ] [ sql: select * from check_in_info_74 where date='2020-07-03'; ]
[ 2020-07-03 13:10:49 ] [ INFO ] [ ../data/data.hpp ] [ 165 ] [ select date from check_in_info_74 success ]
[ 2020-07-03 13:10:49 ] [ INFO ] [ ../data/data.hpp ] [ 186 ] [ sql: update check_in_info_74 set end_time='13:10:49' , work_time=10.633333 where date='2020-07-03'; ]
[ 2020-07-03 13:10:49 ] [ INFO ] [ ../data/data.hpp ] [ 192 ] [ update data for check_in_info_74 success ]
[ 2020-07-03 13:10:49 ] [ INFO ] [ ../data/data.hpp ] [ 193 ] [ update end_time: 02:32:20 to 13:10:49 work_time: 10.633333 ]
[ 2020-07-03 13:10:52 ] [ INFO ] [ server.cc ] [ 125 ] [ Get clock ]
[ 2020-07-03 13:10:52 ] [ INFO ] [ server.cc ] [ 127 ] [ id: 74 ]
[ 2020-07-03 13:10:52 ] [ INFO ] [ ../data/data.hpp ] [ 148 ] [ check_in info add ]
[ 2020-07-03 13:10:52 ] [ INFO ] [ ../data/data.hpp ] [ 159 ] [ sql: select * from check_in_info_74 where date='2020-07-03'; ]
[ 2020-07-03 13:10:52 ] [ INFO ] [ ../data/data.hpp ] [ 165 ] [ select date from check_in_info_74 success ]
[ 2020-07-03 13:10:52 ] [ INFO ] [ ../data/data.hpp ] [ 186 ] [ sql: update check_in_info_74 set end_time='13:10:52' , work_time=0.000000 where date='2020-07-03'; ]
[ 2020-07-03 13:10:52 ] [ INFO ] [ ../data/data.hpp ] [ 192 ] [ update data for check_in_info_74 success ]
[ 2020-07-03 13:10:52 ] [ INFO ] [ ../data/data.hpp ] [ 193 ] [ update end_time: 13:10:49 to 13:10:52 work_time: 0.000000 ]
[ 2020-07-03 13:19:07 ] [ INFO ] [ server.cc ] [ 22 ] [ Connection to database succeeded ]
[ 2020-07-03 13:19:19 ] [ INFO ] [ server.cc ] [ 33 ] [ Get Init ]
[ 2020-07-03 13:19:19 ] [ INFO ] [ ../data/data.hpp ] [ 70 ] [ get init data ]
[ 2020-07-03 13:19:19 ] [ INFO ] [ ../data/data.hpp ] [ 73 ] [ sql: select id,ename,feature from faceinfo; ]
[ 2020-07-03 13:19:19 ] [ INFO ] [ ../data/data.hpp ] [ 111 ] [ ature count:  ]
[ 2020-07-03 13:19:56 ] [ INFO ] [ server.cc ] [ 33 ] [ Get Init ]
[ 2020-07-03 13:19:56 ] [ INFO ] [ ../data/data.hpp ] [ 70 ] [ get init data ]
[ 2020-07-03 13:19:56 ] [ INFO ] [ ../data/data.hpp ] [ 73 ] [ sql: select id,ename,feature from faceinfo; ]
[ 2020-07-03 13:19:56 ] [ INFO ] [ ../data/data.hpp ] [ 111 ] [ ature count:  ]
[ 2020-07-03 13:20:01 ] [ INFO ] [ server.cc ] [ 125 ] [ Get clock ]
[ 2020-07-03 13:20:01 ] [ INFO ] [ server.cc ] [ 127 ] [ id: 74 ]
[ 2020-07-03 13:20:01 ] [ INFO ] [ ../data/data.hpp ] [ 153 ] [ check_in info add ]
[ 2020-07-03 13:20:01 ] [ INFO ] [ ../data/data.hpp ] [ 164 ] [ sql: select * from check_in_info_74 where date='2020-07-03'; ]
[ 2020-07-03 13:20:01 ] [ INFO ] [ ../data/data.hpp ] [ 170 ] [ select date from check_in_info_74 success ]
[ 2020-07-03 13:20:01 ] [ INFO ] [ ../data/data.hpp ] [ 191 ] [ sql: update check_in_info_74 set end_time='13:20:01' , work_time=0.166667 where date='2020-07-03'; ]
[ 2020-07-03 13:20:01 ] [ INFO ] [ ../data/data.hpp ] [ 197 ] [ update data for check_in_info_74 success ]
[ 2020-07-03 13:20:01 ] [ INFO ] [ ../data/data.hpp ] [ 198 ] [ update end_time: 13:10:52 to 13:20:01 work_time: 0.166667 ]
[ 2020-07-03 13:20:03 ] [ INFO ] [ server.cc ] [ 125 ] [ Get clock ]
[ 2020-07-03 13:20:03 ] [ INFO ] [ server.cc ] [ 127 ] [ id: 74 ]
[ 2020-07-03 13:20:03 ] [ INFO ] [ ../data/data.hpp ] [ 153 ] [ check_in info add ]
[ 2020-07-03 13:20:03 ] [ INFO ] [ ../data/data.hpp ] [ 164 ] [ sql: select * from check_in_info_74 where date='2020-07-03'; ]
[ 2020-07-03 13:20:03 ] [ INFO ] [ ../data/data.hpp ] [ 170 ] [ select date from check_in_info_74 success ]
[ 2020-07-03 13:20:03 ] [ INFO ] [ ../data/data.hpp ] [ 191 ] [ sql: update check_in_info_74 set end_time='13:20:03' , work_time=0.000000 where date='2020-07-03'; ]
[ 2020-07-03 13:20:03 ] [ INFO ] [ ../data/data.hpp ] [ 197 ] [ update data for check_in_info_74 success ]
[ 2020-07-03 13:20:03 ] [ INFO ] [ ../data/data.hpp ] [ 198 ] [ update end_time: 13:20:01 to 13:20:03 work_time: 0.000000 ]
[ 2020-07-03 13:20:05 ] [ INFO ] [ server.cc ] [ 125 ] [ Get clock ]
[ 2020-07-03 13:20:05 ] [ INFO ] [ server.cc ] [ 127 ] [ id: 74 ]
[ 2020-07-03 13:20:05 ] [ INFO ] [ ../data/data.hpp ] [ 153 ] [ check_in info add ]
[ 2020-07-03 13:20:05 ] [ INFO ] [ ../data/data.hpp ] [ 164 ] [ sql: select * from check_in_info_74 where date='2020-07-03'; ]
[ 2020-07-03 13:20:05 ] [ INFO ] [ ../data/data.hpp ] [ 170 ] [ select date from check_in_info_74 success ]
[ 2020-07-03 13:20:05 ] [ INFO ] [ ../data/data.hpp ] [ 191 ] [ sql: update check_in_info_74 set end_time='13:20:05' , work_time=0.000000 where date='2020-07-03'; ]
[ 2020-07-03 13:20:05 ] [ INFO ] [ ../data/data.hpp ] [ 197 ] [ update data for check_in_info_74 success ]
[ 2020-07-03 13:20:05 ] [ INFO ] [ ../data/data.hpp ] [ 198 ] [ update end_time: 13:20:03 to 13:20:05 work_time: 0.000000 ]
[ 2020-07-03 13:20:07 ] [ INFO ] [ server.cc ] [ 125 ] [ Get clock ]
[ 2020-07-03 13:20:07 ] [ INFO ] [ server.cc ] [ 127 ] [ id: 74 ]
[ 2020-07-03 13:20:07 ] [ INFO ] [ ../data/data.hpp ] [ 153 ] [ check_in info add ]
[ 2020-07-03 13:20:07 ] [ INFO ] [ ../data/data.hpp ] [ 164 ] [ sql: select * from check_in_info_74 where date='2020-07-03'; ]
[ 2020-07-03 13:20:07 ] [ INFO ] [ ../data/data.hpp ] [ 170 ] [ select date from check_in_info_74 success ]
[ 2020-07-03 13:20:07 ] [ INFO ] [ ../data/data.hpp ] [ 191 ] [ sql: update check_in_info_74 set end_time='13:20:07' , work_time=0.000000 where date='2020-07-03'; ]
[ 2020-07-03 13:20:07 ] [ INFO ] [ ../data/data.hpp ] [ 197 ] [ update data for check_in_info_74 success ]
[ 2020-07-03 13:20:07 ] [ INFO ] [ ../data/data.hpp ] [ 198 ] [ update end_time: 13:20:05 to 13:20:07 work_time: 0.000000 ]
[ 2020-07-03 13:20:09 ] [ INFO ] [ server.cc ] [ 125 ] [ Get clock ]
[ 2020-07-03 13:20:09 ] [ INFO ] [ server.cc ] [ 127 ] [ id: 74 ]
[ 2020-07-03 13:20:09 ] [ INFO ] [ ../data/data.hpp ] [ 153 ] [ check_in info add ]
[ 2020-07-03 13:20:09 ] [ INFO ] [ ../data/data.hpp ] [ 164 ] [ sql: select * from check_in_info_74 where date='2020-07-03'; ]
[ 2020-07-03 13:20:09 ] [ INFO ] [ ../data/data.hpp ] [ 170 ] [ select date from check_in_info_74 success ]
[ 2020-07-03 13:20:09 ] [ INFO ] [ ../data/data.hpp ] [ 191 ] [ sql: update check_in_info_74 set end_time='13:20:09' , work_time=0.000000 where date='2020-07-03'; ]
[ 2020-07-03 13:20:09 ] [ INFO ] [ ../data/data.hpp ] [ 197 ] [ update data for check_in_info_74 success ]
[ 2020-07-03 13:20:09 ] [ INFO ] [ ../data/data.hpp ] [ 198 ] [ update end_time: 13:20:07 to 13:20:09 work_time: 0.000000 ]
[ 2020-07-03 13:26:14 ] [ INFO ] [ server.cc ] [ 22 ] [ Connection to database succeeded ]
[ 2020-07-03 13:26:19 ] [ INFO ] [ server.cc ] [ 33 ] [ Get Init ]
[ 2020-07-03 13:26:19 ] [ INFO ] [ ../data/data.hpp ] [ 70 ] [ get init data ]
[ 2020-07-03 13:26:19 ] [ INFO ] [ ../data/data.hpp ] [ 73 ] [ sql: select id,ename,feature from faceinfo; ]
[ 2020-07-03 13:26:19 ] [ INFO ] [ ../data/data.hpp ] [ 111 ] [ ature count:  ]
[ 2020-07-03 13:26:22 ] [ INFO ] [ server.cc ] [ 125 ] [ Get clock ]
[ 2020-07-03 13:26:22 ] [ INFO ] [ server.cc ] [ 127 ] [ id: 74 ]
[ 2020-07-03 13:26:22 ] [ INFO ] [ ../data/data.hpp ] [ 153 ] [ check_in info add ]
[ 2020-07-03 13:26:22 ] [ INFO ] [ ../data/data.hpp ] [ 164 ] [ sql: select * from check_in_info_74 where date='2020-07-03'; ]
[ 2020-07-03 13:26:22 ] [ INFO ] [ ../data/data.hpp ] [ 170 ] [ select date from check_in_info_74 success ]
[ 2020-07-03 13:26:22 ] [ INFO ] [ ../data/data.hpp ] [ 191 ] [ sql: update check_in_info_74 set end_time='13:26:22' , work_time=0.100000 where date='2020-07-03'; ]
[ 2020-07-03 13:26:22 ] [ INFO ] [ ../data/data.hpp ] [ 197 ] [ update data for check_in_info_74 success ]
[ 2020-07-03 13:26:22 ] [ INFO ] [ ../data/data.hpp ] [ 198 ] [ update end_time: 13:20:09 to 13:26:22 work_time: 0.100000 ]
[ 2020-07-03 13:26:24 ] [ INFO ] [ server.cc ] [ 125 ] [ Get clock ]
[ 2020-07-03 13:26:24 ] [ INFO ] [ server.cc ] [ 127 ] [ id: 74 ]
[ 2020-07-03 13:26:24 ] [ INFO ] [ ../data/data.hpp ] [ 153 ] [ check_in info add ]
[ 2020-07-03 13:26:24 ] [ INFO ] [ ../data/data.hpp ] [ 164 ] [ sql: select * from check_in_info_74 where date='2020-07-03'; ]
[ 2020-07-03 13:26:24 ] [ INFO ] [ ../data/data.hpp ] [ 170 ] [ select date from check_in_info_74 success ]
[ 2020-07-03 13:26:24 ] [ INFO ] [ ../data/data.hpp ] [ 191 ] [ sql: update check_in_info_74 set end_time='13:26:24' , work_time=0.000000 where date='2020-07-03'; ]
[ 2020-07-03 13:26:24 ] [ INFO ] [ ../data/data.hpp ] [ 197 ] [ update data for check_in_info_74 success ]
[ 2020-07-03 13:26:24 ] [ INFO ] [ ../data/data.hpp ] [ 198 ] [ update end_time: 13:26:22 to 13:26:24 work_time: 0.000000 ]
[ 2020-07-03 13:28:09 ] [ INFO ] [ server.cc ] [ 22 ] [ Connection to database succeeded ]
[ 2020-07-03 13:28:13 ] [ INFO ] [ server.cc ] [ 33 ] [ Get Init ]
[ 2020-07-03 13:28:13 ] [ INFO ] [ ../data/data.hpp ] [ 70 ] [ get init data ]
[ 2020-07-03 13:28:13 ] [ INFO ] [ ../data/data.hpp ] [ 73 ] [ sql: select id,ename,feature from faceinfo; ]
[ 2020-07-03 13:28:13 ] [ INFO ] [ ../data/data.hpp ] [ 111 ] [ ature count:  ]
[ 2020-07-03 13:28:16 ] [ INFO ] [ server.cc ] [ 125 ] [ Get clock ]
[ 2020-07-03 13:28:16 ] [ INFO ] [ server.cc ] [ 127 ] [ id: 74 ]
[ 2020-07-03 13:28:16 ] [ INFO ] [ ../data/data.hpp ] [ 153 ] [ check_in info add ]
[ 2020-07-03 13:28:16 ] [ INFO ] [ ../data/data.hpp ] [ 164 ] [ sql: select * from check_in_info_74 where date='2020-07-03'; ]
[ 2020-07-03 13:28:16 ] [ INFO ] [ ../data/data.hpp ] [ 170 ] [ select date from check_in_info_74 success ]
[ 2020-07-03 13:28:16 ] [ INFO ] [ ../data/data.hpp ] [ 192 ] [ sql: update check_in_info_74 set end_time='13:28:16' , work_time=10.950000 where date='2020-07-03'; ]
[ 2020-07-03 13:28:16 ] [ INFO ] [ ../data/data.hpp ] [ 198 ] [ update data for check_in_info_74 success ]
[ 2020-07-03 13:28:16 ] [ INFO ] [ ../data/data.hpp ] [ 199 ] [ update end_time: 13:26:24 to 13:28:16 work_time: 10.950000 ]
[ 2020-07-03 13:28:19 ] [ INFO ] [ server.cc ] [ 125 ] [ Get clock ]
[ 2020-07-03 13:28:19 ] [ INFO ] [ server.cc ] [ 127 ] [ id: 74 ]
[ 2020-07-03 13:28:19 ] [ INFO ] [ ../data/data.hpp ] [ 153 ] [ check_in info add ]
[ 2020-07-03 13:28:19 ] [ INFO ] [ ../data/data.hpp ] [ 164 ] [ sql: select * from check_in_info_74 where date='2020-07-03'; ]
[ 2020-07-03 13:28:19 ] [ INFO ] [ ../data/data.hpp ] [ 170 ] [ select date from check_in_info_74 success ]
[ 2020-07-03 13:28:19 ] [ INFO ] [ ../data/data.hpp ] [ 192 ] [ sql: update check_in_info_74 set end_time='13:28:19' , work_time=10.950000 where date='2020-07-03'; ]
[ 2020-07-03 13:28:19 ] [ INFO ] [ ../data/data.hpp ] [ 198 ] [ update data for check_in_info_74 success ]
[ 2020-07-03 13:28:19 ] [ INFO ] [ ../data/data.hpp ] [ 199 ] [ update end_time: 13:28:16 to 13:28:19 work_time: 10.950000 ]
[ 2020-07-03 13:30:43 ] [ INFO ] [ server.cc ] [ 22 ] [ Connection to database succeeded ]
[ 2020-07-03 13:30:48 ] [ INFO ] [ server.cc ] [ 33 ] [ Get Init ]
[ 2020-07-03 13:30:48 ] [ INFO ] [ ../data/data.hpp ] [ 70 ] [ get init data ]
[ 2020-07-03 13:30:48 ] [ INFO ] [ ../data/data.hpp ] [ 73 ] [ sql: select id,ename,feature from faceinfo; ]
[ 2020-07-03 13:30:48 ] [ INFO ] [ ../data/data.hpp ] [ 111 ] [ ature count:  ]
[ 2020-07-03 13:32:11 ] [ INFO ] [ server.cc ] [ 112 ] [ Get registered_face ]
[ 2020-07-03 13:32:11 ] [ INFO ] [ server.cc ] [ 115 ] [ code: 002893 ]
[ 2020-07-03 13:32:54 ] [ INFO ] [ server.cc ] [ 33 ] [ Get Init ]
[ 2020-07-03 13:32:54 ] [ INFO ] [ ../data/data.hpp ] [ 70 ] [ get init data ]
[ 2020-07-03 13:32:54 ] [ INFO ] [ ../data/data.hpp ] [ 73 ] [ sql: select id,ename,feature from faceinfo; ]
[ 2020-07-03 13:32:54 ] [ INFO ] [ ../data/data.hpp ] [ 111 ] [ ature count:  ]
[ 2020-07-03 13:33:26 ] [ INFO ] [ server.cc ] [ 33 ] [ Get Init ]
[ 2020-07-03 13:33:26 ] [ INFO ] [ ../data/data.hpp ] [ 70 ] [ get init data ]
[ 2020-07-03 13:33:26 ] [ INFO ] [ ../data/data.hpp ] [ 73 ] [ sql: select id,ename,feature from faceinfo; ]
[ 2020-07-03 13:33:26 ] [ INFO ] [ ../data/data.hpp ] [ 111 ] [ ature count:  ]
[ 2020-07-03 13:34:52 ] [ INFO ] [ server.cc ] [ 22 ] [ Connection to database succeeded ]
[ 2020-07-03 13:34:57 ] [ INFO ] [ server.cc ] [ 33 ] [ Get Init ]
[ 2020-07-03 13:34:57 ] [ INFO ] [ ../data/data.hpp ] [ 70 ] [ get init data ]
[ 2020-07-03 13:34:57 ] [ INFO ] [ ../data/data.hpp ] [ 73 ] [ sql: select id,ename,feature from faceinfo; ]
[ 2020-07-03 13:34:57 ] [ INFO ] [ ../data/data.hpp ] [ 111 ] [ ature count:  ]
[ 2020-07-03 13:37:33 ] [ INFO ] [ server.cc ] [ 22 ] [ Connection to database succeeded ]
[ 2020-07-03 13:37:41 ] [ INFO ] [ server.cc ] [ 33 ] [ Get Init ]
[ 2020-07-03 13:37:41 ] [ INFO ] [ ../data/data.hpp ] [ 70 ] [ get init data ]
[ 2020-07-03 13:37:41 ] [ INFO ] [ ../data/data.hpp ] [ 73 ] [ sql: select id,ename,feature from faceinfo; ]
[ 2020-07-03 13:37:41 ] [ INFO ] [ ../data/data.hpp ] [ 111 ] [ ature count:  ]
[ 2020-07-03 13:38:56 ] [ INFO ] [ server.cc ] [ 33 ] [ Get Init ]
[ 2020-07-03 13:38:56 ] [ INFO ] [ ../data/data.hpp ] [ 70 ] [ get init data ]
[ 2020-07-03 13:38:56 ] [ INFO ] [ ../data/data.hpp ] [ 73 ] [ sql: select id,ename,feature from faceinfo; ]
[ 2020-07-03 13:38:56 ] [ INFO ] [ ../data/data.hpp ] [ 111 ] [ ature count:  ]
[ 2020-07-03 13:39:28 ] [ INFO ] [ server.cc ] [ 112 ] [ Get registered_face ]
[ 2020-07-03 13:39:28 ] [ INFO ] [ server.cc ] [ 115 ] [ code: 201881 ]
[ 2020-07-03 13:40:07 ] [ INFO ] [ server.cc ] [ 41 ] [ get submit.html ]
[ 2020-07-03 13:41:07 ] [ INFO ] [ server.cc ] [ 58 ] [ Get Create Submit! ]
[ 2020-07-03 13:41:07 ] [ INFO ] [ server.cc ] [ 66 ] [ submit name: 贾浩楠 ]
[ 2020-07-03 13:41:07 ] [ INFO ] [ server.cc ] [ 67 ] [ submit ename: JiaHaonan ]
[ 2020-07-03 13:41:07 ] [ INFO ] [ server.cc ] [ 68 ] [ submit sex: 男 ]
[ 2020-07-03 13:41:07 ] [ INFO ] [ server.cc ] [ 69 ] [ submit age: 23 ]
[ 2020-07-03 13:41:07 ] [ INFO ] [ server.cc ] [ 70 ] [ submit phone: 145687899 ]
[ 2020-07-03 13:41:07 ] [ INFO ] [ server.cc ] [ 71 ] [ submit addr: 西安市 ]
[ 2020-07-03 13:41:07 ] [ INFO ] [ server.cc ] [ 72 ] [ submit code: 201881 ]
[ 2020-07-03 13:41:07 ] [ INFO ] [ ../data/data.hpp ] [ 205 ] [ registered face ]
[ 2020-07-03 13:41:07 ] [ INFO ] [ ../data/data.hpp ] [ 222 ] [ feature_path: ../Feature/feature_75.bin ]
[ 2020-07-03 13:41:07 ] [ INFO ] [ ../data/data.hpp ] [ 120 ] [ face info add ]
[ 2020-07-03 13:41:07 ] [ INFO ] [ ../data/data.hpp ] [ 122 ] [ sql:insert into faceinfo(name, ename, sex, age, enter_time, phone, addr, feature) values('贾浩楠','JiaHaonan','男','23','2020-07-03 13:41:07','145687899','西安市','../Feature/feature_75.bin'); ]
[ 2020-07-03 13:41:07 ] [ INFO ] [ ../data/data.hpp ] [ 129 ] [ add face_info success ]
[ 2020-07-03 13:41:07 ] [ INFO ] [ ../data/data.hpp ] [ 240 ] [ add face info success ]
[ 2020-07-03 13:41:07 ] [ INFO ] [ ../data/data.hpp ] [ 136 ] [ check_in info create ]
[ 2020-07-03 13:41:07 ] [ INFO ] [ ../data/data.hpp ] [ 138 ] [ sql: create table check_in_info_75(date date primary key not null, start_time time, end_time time, work_time float default 0); ]
[ 2020-07-03 13:41:07 ] [ INFO ] [ ../data/data.hpp ] [ 145 ] [ create check_in_info_75 success ]
[ 2020-07-03 13:41:07 ] [ INFO ] [ ../data/data.hpp ] [ 247 ] [ registered face success ]
[ 2020-07-03 13:41:07 ] [ INFO ] [ server.cc ] [ 84 ] [ Registration successful ]
[ 2020-07-03 13:41:17 ] [ INFO ] [ server.cc ] [ 41 ] [ get submit.html ]
[ 2020-07-03 13:41:37 ] [ INFO ] [ server.cc ] [ 58 ] [ Get Create Submit! ]
[ 2020-07-03 13:41:37 ] [ INFO ] [ server.cc ] [ 66 ] [ submit name: 贾浩楠 ]
[ 2020-07-03 13:41:37 ] [ INFO ] [ server.cc ] [ 67 ] [ submit ename: JiaHaonan ]
[ 2020-07-03 13:41:37 ] [ INFO ] [ server.cc ] [ 68 ] [ submit sex: 男 ]
[ 2020-07-03 13:41:37 ] [ INFO ] [ server.cc ] [ 69 ] [ submit age: 23 ]
[ 2020-07-03 13:41:37 ] [ INFO ] [ server.cc ] [ 70 ] [ submit phone: 234545565 ]
[ 2020-07-03 13:41:37 ] [ INFO ] [ server.cc ] [ 71 ] [ submit addr: 西安市 ]
[ 2020-07-03 13:41:37 ] [ INFO ] [ server.cc ] [ 72 ] [ submit code: 233456 ]
[ 2020-07-03 13:41:37 ] [ INFO ] [ server.cc ] [ 95 ] [ Invalid verification code ]
[ 2020-07-03 13:41:42 ] [ INFO ] [ server.cc ] [ 41 ] [ get submit.html ]
[ 2020-07-03 13:42:26 ] [ INFO ] [ server.cc ] [ 33 ] [ Get Init ]
[ 2020-07-03 13:42:26 ] [ INFO ] [ ../data/data.hpp ] [ 70 ] [ get init data ]
[ 2020-07-03 13:42:26 ] [ INFO ] [ ../data/data.hpp ] [ 73 ] [ sql: select id,ename,feature from faceinfo; ]
[ 2020-07-03 13:42:26 ] [ INFO ] [ ../data/data.hpp ] [ 111 ] [ ture count:  ]
[ 2020-07-03 13:42:49 ] [ INFO ] [ server.cc ] [ 125 ] [ Get clock ]
[ 2020-07-03 13:42:49 ] [ INFO ] [ server.cc ] [ 127 ] [ id: 74 ]
[ 2020-07-03 13:42:49 ] [ INFO ] [ ../data/data.hpp ] [ 153 ] [ check_in info add ]
[ 2020-07-03 13:42:49 ] [ INFO ] [ ../data/data.hpp ] [ 164 ] [ sql: select * from check_in_info_74 where date='2020-07-03'; ]
[ 2020-07-03 13:42:49 ] [ INFO ] [ ../data/data.hpp ] [ 170 ] [ select date from check_in_info_74 success ]
[ 2020-07-03 13:42:49 ] [ INFO ] [ ../data/data.hpp ] [ 192 ] [ sql: update check_in_info_74 set end_time='13:42:49' , work_time=11.183333 where date='2020-07-03'; ]
[ 2020-07-03 13:42:49 ] [ INFO ] [ ../data/data.hpp ] [ 198 ] [ update data for check_in_info_74 success ]
[ 2020-07-03 13:42:49 ] [ INFO ] [ ../data/data.hpp ] [ 199 ] [ update end_time: 13:28:19 to 13:42:49 work_time: 11.183333 ]
[ 2020-07-03 13:42:51 ] [ INFO ] [ server.cc ] [ 125 ] [ Get clock ]
[ 2020-07-03 13:42:51 ] [ INFO ] [ server.cc ] [ 127 ] [ id: 74 ]
[ 2020-07-03 13:42:51 ] [ INFO ] [ ../data/data.hpp ] [ 153 ] [ check_in info add ]
[ 2020-07-03 13:42:51 ] [ INFO ] [ ../data/data.hpp ] [ 164 ] [ sql: select * from check_in_info_74 where date='2020-07-03'; ]
[ 2020-07-03 13:42:51 ] [ INFO ] [ ../data/data.hpp ] [ 170 ] [ select date from check_in_info_74 success ]
[ 2020-07-03 13:42:51 ] [ INFO ] [ ../data/data.hpp ] [ 192 ] [ sql: update check_in_info_74 set end_time='13:42:51' , work_time=11.183333 where date='2020-07-03'; ]
[ 2020-07-03 13:42:51 ] [ INFO ] [ ../data/data.hpp ] [ 198 ] [ update data for check_in_info_74 success ]
[ 2020-07-03 13:42:51 ] [ INFO ] [ ../data/data.hpp ] [ 199 ] [ update end_time: 13:42:49 to 13:42:51 work_time: 11.183333 ]
[ 2020-07-03 13:42:53 ] [ INFO ] [ server.cc ] [ 125 ] [ Get clock ]
[ 2020-07-03 13:42:53 ] [ INFO ] [ server.cc ] [ 127 ] [ id: 74 ]
[ 2020-07-03 13:42:53 ] [ INFO ] [ ../data/data.hpp ] [ 153 ] [ check_in info add ]
[ 2020-07-03 13:42:53 ] [ INFO ] [ ../data/data.hpp ] [ 164 ] [ sql: select * from check_in_info_74 where date='2020-07-03'; ]
[ 2020-07-03 13:42:53 ] [ INFO ] [ ../data/data.hpp ] [ 170 ] [ select date from check_in_info_74 success ]
[ 2020-07-03 13:42:53 ] [ INFO ] [ ../data/data.hpp ] [ 192 ] [ sql: update check_in_info_74 set end_time='13:42:53' , work_time=11.183333 where date='2020-07-03'; ]
[ 2020-07-03 13:42:53 ] [ INFO ] [ ../data/data.hpp ] [ 198 ] [ update data for check_in_info_74 success ]
[ 2020-07-03 13:42:53 ] [ INFO ] [ ../data/data.hpp ] [ 199 ] [ update end_time: 13:42:51 to 13:42:53 work_time: 11.183333 ]
[ 2020-07-03 13:42:55 ] [ INFO ] [ server.cc ] [ 125 ] [ Get clock ]
[ 2020-07-03 13:42:55 ] [ INFO ] [ server.cc ] [ 127 ] [ id: 74 ]
[ 2020-07-03 13:42:55 ] [ INFO ] [ ../data/data.hpp ] [ 153 ] [ check_in info add ]
[ 2020-07-03 13:42:55 ] [ INFO ] [ ../data/data.hpp ] [ 164 ] [ sql: select * from check_in_info_74 where date='2020-07-03'; ]
[ 2020-07-03 13:42:55 ] [ INFO ] [ ../data/data.hpp ] [ 170 ] [ select date from check_in_info_74 success ]
[ 2020-07-03 13:42:55 ] [ INFO ] [ ../data/data.hpp ] [ 192 ] [ sql: update check_in_info_74 set end_time='13:42:55' , work_time=11.183333 where date='2020-07-03'; ]
[ 2020-07-03 13:42:55 ] [ INFO ] [ ../data/data.hpp ] [ 198 ] [ update data for check_in_info_74 success ]
[ 2020-07-03 13:42:55 ] [ INFO ] [ ../data/data.hpp ] [ 199 ] [ update end_time: 13:42:53 to 13:42:55 work_time: 11.183333 ]
[ 2020-07-03 13:42:57 ] [ INFO ] [ server.cc ] [ 125 ] [ Get clock ]
[ 2020-07-03 13:42:57 ] [ INFO ] [ server.cc ] [ 127 ] [ id: 74 ]
[ 2020-07-03 13:42:57 ] [ INFO ] [ ../data/data.hpp ] [ 153 ] [ check_in info add ]
[ 2020-07-03 13:42:57 ] [ INFO ] [ ../data/data.hpp ] [ 164 ] [ sql: select * from check_in_info_74 where date='2020-07-03'; ]
[ 2020-07-03 13:42:57 ] [ INFO ] [ ../data/data.hpp ] [ 170 ] [ select date from check_in_info_74 success ]
[ 2020-07-03 13:42:57 ] [ INFO ] [ ../data/data.hpp ] [ 192 ] [ sql: update check_in_info_74 set end_time='13:42:57' , work_time=11.183333 where date='2020-07-03'; ]
[ 2020-07-03 13:42:57 ] [ INFO ] [ ../data/data.hpp ] [ 198 ] [ update data for check_in_info_74 success ]
[ 2020-07-03 13:42:57 ] [ INFO ] [ ../data/data.hpp ] [ 199 ] [ update end_time: 13:42:55 to 13:42:57 work_time: 11.183333 ]
[ 2020-07-03 13:42:59 ] [ INFO ] [ server.cc ] [ 125 ] [ Get clock ]
[ 2020-07-03 13:42:59 ] [ INFO ] [ server.cc ] [ 127 ] [ id: 74 ]
[ 2020-07-03 13:42:59 ] [ INFO ] [ ../data/data.hpp ] [ 153 ] [ check_in info add ]
[ 2020-07-03 13:42:59 ] [ INFO ] [ ../data/data.hpp ] [ 164 ] [ sql: select * from check_in_info_74 where date='2020-07-03'; ]
[ 2020-07-03 13:42:59 ] [ INFO ] [ ../data/data.hpp ] [ 170 ] [ select date from check_in_info_74 success ]
[ 2020-07-03 13:42:59 ] [ INFO ] [ ../data/data.hpp ] [ 192 ] [ sql: update check_in_info_74 set end_time='13:42:59' , work_time=11.183333 where date='2020-07-03'; ]
[ 2020-07-03 13:42:59 ] [ INFO ] [ ../data/data.hpp ] [ 198 ] [ update data for check_in_info_74 success ]
[ 2020-07-03 13:42:59 ] [ INFO ] [ ../data/data.hpp ] [ 199 ] [ update end_time: 13:42:57 to 13:42:59 work_time: 11.183333 ]
[ 2020-07-03 13:43:02 ] [ INFO ] [ server.cc ] [ 125 ] [ Get clock ]
[ 2020-07-03 13:43:02 ] [ INFO ] [ server.cc ] [ 127 ] [ id: 74 ]
[ 2020-07-03 13:43:02 ] [ INFO ] [ ../data/data.hpp ] [ 153 ] [ check_in info add ]
[ 2020-07-03 13:43:02 ] [ INFO ] [ ../data/data.hpp ] [ 164 ] [ sql: select * from check_in_info_74 where date='2020-07-03'; ]
[ 2020-07-03 13:43:02 ] [ INFO ] [ ../data/data.hpp ] [ 170 ] [ select date from check_in_info_74 success ]
[ 2020-07-03 13:43:02 ] [ INFO ] [ ../data/data.hpp ] [ 192 ] [ sql: update check_in_info_74 set end_time='13:43:02' , work_time=11.200000 where date='2020-07-03'; ]
[ 2020-07-03 13:43:02 ] [ INFO ] [ ../data/data.hpp ] [ 198 ] [ update data for check_in_info_74 success ]
[ 2020-07-03 13:43:02 ] [ INFO ] [ ../data/data.hpp ] [ 199 ] [ update end_time: 13:42:59 to 13:43:02 work_time: 11.200000 ]
[ 2020-07-03 13:43:04 ] [ INFO ] [ server.cc ] [ 125 ] [ Get clock ]
[ 2020-07-03 13:43:04 ] [ INFO ] [ server.cc ] [ 127 ] [ id: 74 ]
[ 2020-07-03 13:43:04 ] [ INFO ] [ ../data/data.hpp ] [ 153 ] [ check_in info add ]
[ 2020-07-03 13:43:04 ] [ INFO ] [ ../data/data.hpp ] [ 164 ] [ sql: select * from check_in_info_74 where date='2020-07-03'; ]
[ 2020-07-03 13:43:04 ] [ INFO ] [ ../data/data.hpp ] [ 170 ] [ select date from check_in_info_74 success ]
[ 2020-07-03 13:43:04 ] [ INFO ] [ ../data/data.hpp ] [ 192 ] [ sql: update check_in_info_74 set end_time='13:43:04' , work_time=11.200000 where date='2020-07-03'; ]
[ 2020-07-03 13:43:04 ] [ INFO ] [ ../data/data.hpp ] [ 198 ] [ update data for check_in_info_74 success ]
[ 2020-07-03 13:43:04 ] [ INFO ] [ ../data/data.hpp ] [ 199 ] [ update end_time: 13:43:02 to 13:43:04 work_time: 11.200000 ]
[ 2020-07-03 13:43:06 ] [ INFO ] [ server.cc ] [ 125 ] [ Get clock ]
[ 2020-07-03 13:43:06 ] [ INFO ] [ server.cc ] [ 127 ] [ id: 74 ]
[ 2020-07-03 13:43:06 ] [ INFO ] [ ../data/data.hpp ] [ 153 ] [ check_in info add ]
[ 2020-07-03 13:43:06 ] [ INFO ] [ ../data/data.hpp ] [ 164 ] [ sql: select * from check_in_info_74 where date='2020-07-03'; ]
[ 2020-07-03 13:43:06 ] [ INFO ] [ ../data/data.hpp ] [ 170 ] [ select date from check_in_info_74 success ]
[ 2020-07-03 13:43:06 ] [ INFO ] [ ../data/data.hpp ] [ 192 ] [ sql: update check_in_info_74 set end_time='13:43:06' , work_time=11.200000 where date='2020-07-03'; ]
[ 2020-07-03 13:43:06 ] [ INFO ] [ ../data/data.hpp ] [ 198 ] [ update data for check_in_info_74 success ]
[ 2020-07-03 13:43:06 ] [ INFO ] [ ../data/data.hpp ] [ 199 ] [ update end_time: 13:43:04 to 13:43:06 work_time: 11.200000 ]
[ 2020-07-03 13:43:09 ] [ INFO ] [ server.cc ] [ 125 ] [ Get clock ]
[ 2020-07-03 13:43:09 ] [ INFO ] [ server.cc ] [ 127 ] [ id: 74 ]
[ 2020-07-03 13:43:09 ] [ INFO ] [ ../data/data.hpp ] [ 153 ] [ check_in info add ]
[ 2020-07-03 13:43:09 ] [ INFO ] [ ../data/data.hpp ] [ 164 ] [ sql: select * from check_in_info_74 where date='2020-07-03'; ]
[ 2020-07-03 13:43:09 ] [ INFO ] [ ../data/data.hpp ] [ 170 ] [ select date from check_in_info_74 success ]
[ 2020-07-03 13:43:09 ] [ INFO ] [ ../data/data.hpp ] [ 192 ] [ sql: update check_in_info_74 set end_time='13:43:09' , work_time=11.200000 where date='2020-07-03'; ]
[ 2020-07-03 13:43:09 ] [ INFO ] [ ../data/data.hpp ] [ 198 ] [ update data for check_in_info_74 success ]
[ 2020-07-03 13:43:09 ] [ INFO ] [ ../data/data.hpp ] [ 199 ] [ update end_time: 13:43:06 to 13:43:09 work_time: 11.200000 ]
[ 2020-07-03 13:43:11 ] [ INFO ] [ server.cc ] [ 125 ] [ Get clock ]
[ 2020-07-03 13:43:11 ] [ INFO ] [ server.cc ] [ 127 ] [ id: 74 ]
[ 2020-07-03 13:43:11 ] [ INFO ] [ ../data/data.hpp ] [ 153 ] [ check_in info add ]
[ 2020-07-03 13:43:11 ] [ INFO ] [ ../data/data.hpp ] [ 164 ] [ sql: select * from check_in_info_74 where date='2020-07-03'; ]
[ 2020-07-03 13:43:11 ] [ INFO ] [ ../data/data.hpp ] [ 170 ] [ select date from check_in_info_74 success ]
[ 2020-07-03 13:43:11 ] [ INFO ] [ ../data/data.hpp ] [ 192 ] [ sql: update check_in_info_74 set end_time='13:43:11' , work_time=11.200000 where date='2020-07-03'; ]
[ 2020-07-03 13:43:11 ] [ INFO ] [ ../data/data.hpp ] [ 198 ] [ update data for check_in_info_74 success ]
[ 2020-07-03 13:43:11 ] [ INFO ] [ ../data/data.hpp ] [ 199 ] [ update end_time: 13:43:09 to 13:43:11 work_time: 11.200000 ]
[ 2020-07-03 13:43:13 ] [ INFO ] [ server.cc ] [ 125 ] [ Get clock ]
[ 2020-07-03 13:43:13 ] [ INFO ] [ server.cc ] [ 127 ] [ id: 74 ]
[ 2020-07-03 13:43:13 ] [ INFO ] [ ../data/data.hpp ] [ 153 ] [ check_in info add ]
[ 2020-07-03 13:43:13 ] [ INFO ] [ ../data/data.hpp ] [ 164 ] [ sql: select * from check_in_info_74 where date='2020-07-03'; ]
[ 2020-07-03 13:43:13 ] [ INFO ] [ ../data/data.hpp ] [ 170 ] [ select date from check_in_info_74 success ]
[ 2020-07-03 13:43:13 ] [ INFO ] [ ../data/data.hpp ] [ 192 ] [ sql: update check_in_info_74 set end_time='13:43:13' , work_time=11.200000 where date='2020-07-03'; ]
[ 2020-07-03 13:43:13 ] [ INFO ] [ ../data/data.hpp ] [ 198 ] [ update data for check_in_info_74 success ]
[ 2020-07-03 13:43:13 ] [ INFO ] [ ../data/data.hpp ] [ 199 ] [ update end_time: 13:43:11 to 13:43:13 work_time: 11.200000 ]
[ 2020-07-03 13:43:15 ] [ INFO ] [ server.cc ] [ 125 ] [ Get clock ]
[ 2020-07-03 13:43:15 ] [ INFO ] [ server.cc ] [ 127 ] [ id: 74 ]
[ 2020-07-03 13:43:15 ] [ INFO ] [ ../data/data.hpp ] [ 153 ] [ check_in info add ]
[ 2020-07-03 13:43:15 ] [ INFO ] [ ../data/data.hpp ] [ 164 ] [ sql: select * from check_in_info_74 where date='2020-07-03'; ]
[ 2020-07-03 13:43:15 ] [ INFO ] [ ../data/data.hpp ] [ 170 ] [ select date from check_in_info_74 success ]
[ 2020-07-03 13:43:15 ] [ INFO ] [ ../data/data.hpp ] [ 192 ] [ sql: update check_in_info_74 set end_time='13:43:15' , work_time=11.200000 where date='2020-07-03'; ]
[ 2020-07-03 13:43:15 ] [ INFO ] [ ../data/data.hpp ] [ 198 ] [ update data for check_in_info_74 success ]
[ 2020-07-03 13:43:15 ] [ INFO ] [ ../data/data.hpp ] [ 199 ] [ update end_time: 13:43:13 to 13:43:15 work_time: 11.200000 ]
[ 2020-07-03 13:43:17 ] [ INFO ] [ server.cc ] [ 125 ] [ Get clock ]
[ 2020-07-03 13:43:17 ] [ INFO ] [ server.cc ] [ 127 ] [ id: 74 ]
[ 2020-07-03 13:43:17 ] [ INFO ] [ ../data/data.hpp ] [ 153 ] [ check_in info add ]
[ 2020-07-03 13:43:17 ] [ INFO ] [ ../data/data.hpp ] [ 164 ] [ sql: select * from check_in_info_74 where date='2020-07-03'; ]
[ 2020-07-03 13:43:17 ] [ INFO ] [ ../data/data.hpp ] [ 170 ] [ select date from check_in_info_74 success ]
[ 2020-07-03 13:43:17 ] [ INFO ] [ ../data/data.hpp ] [ 192 ] [ sql: update check_in_info_74 set end_time='13:43:17' , work_time=11.200000 where date='2020-07-03'; ]
[ 2020-07-03 13:43:17 ] [ INFO ] [ ../data/data.hpp ] [ 198 ] [ update data for check_in_info_74 success ]
[ 2020-07-03 13:43:17 ] [ INFO ] [ ../data/data.hpp ] [ 199 ] [ update end_time: 13:43:15 to 13:43:17 work_time: 11.200000 ]
[ 2020-07-03 13:43:20 ] [ INFO ] [ server.cc ] [ 125 ] [ Get clock ]
[ 2020-07-03 13:43:20 ] [ INFO ] [ server.cc ] [ 127 ] [ id: 74 ]
[ 2020-07-03 13:43:20 ] [ INFO ] [ ../data/data.hpp ] [ 153 ] [ check_in info add ]
[ 2020-07-03 13:43:20 ] [ INFO ] [ ../data/data.hpp ] [ 164 ] [ sql: select * from check_in_info_74 where date='2020-07-03'; ]
[ 2020-07-03 13:43:20 ] [ INFO ] [ ../data/data.hpp ] [ 170 ] [ select date from check_in_info_74 success ]
[ 2020-07-03 13:43:20 ] [ INFO ] [ ../data/data.hpp ] [ 192 ] [ sql: update check_in_info_74 set end_time='13:43:20' , work_time=11.200000 where date='2020-07-03'; ]
[ 2020-07-03 13:43:20 ] [ INFO ] [ ../data/data.hpp ] [ 198 ] [ update data for check_in_info_74 success ]
[ 2020-07-03 13:43:20 ] [ INFO ] [ ../data/data.hpp ] [ 199 ] [ update end_time: 13:43:17 to 13:43:20 work_time: 11.200000 ]
[ 2020-07-03 13:43:22 ] [ INFO ] [ server.cc ] [ 125 ] [ Get clock ]
[ 2020-07-03 13:43:22 ] [ INFO ] [ server.cc ] [ 127 ] [ id: 74 ]
[ 2020-07-03 13:43:22 ] [ INFO ] [ ../data/data.hpp ] [ 153 ] [ check_in info add ]
[ 2020-07-03 13:43:22 ] [ INFO ] [ ../data/data.hpp ] [ 164 ] [ sql: select * from check_in_info_74 where date='2020-07-03'; ]
[ 2020-07-03 13:43:22 ] [ INFO ] [ ../data/data.hpp ] [ 170 ] [ select date from check_in_info_74 success ]
[ 2020-07-03 13:43:22 ] [ INFO ] [ ../data/data.hpp ] [ 192 ] [ sql: update check_in_info_74 set end_time='13:43:22' , work_time=11.200000 where date='2020-07-03'; ]
[ 2020-07-03 13:43:22 ] [ INFO ] [ ../data/data.hpp ] [ 198 ] [ update data for check_in_info_74 success ]
[ 2020-07-03 13:43:22 ] [ INFO ] [ ../data/data.hpp ] [ 199 ] [ update end_time: 13:43:20 to 13:43:22 work_time: 11.200000 ]
[ 2020-07-03 13:43:24 ] [ INFO ] [ server.cc ] [ 125 ] [ Get clock ]
[ 2020-07-03 13:43:24 ] [ INFO ] [ server.cc ] [ 127 ] [ id: 74 ]
[ 2020-07-03 13:43:24 ] [ INFO ] [ ../data/data.hpp ] [ 153 ] [ check_in info add ]
[ 2020-07-03 13:43:24 ] [ INFO ] [ ../data/data.hpp ] [ 164 ] [ sql: select * from check_in_info_74 where date='2020-07-03'; ]
[ 2020-07-03 13:43:24 ] [ INFO ] [ ../data/data.hpp ] [ 170 ] [ select date from check_in_info_74 success ]
[ 2020-07-03 13:43:24 ] [ INFO ] [ ../data/data.hpp ] [ 192 ] [ sql: update check_in_info_74 set end_time='13:43:24' , work_time=11.200000 where date='2020-07-03'; ]
[ 2020-07-03 13:43:24 ] [ INFO ] [ ../data/data.hpp ] [ 198 ] [ update data for check_in_info_74 success ]
[ 2020-07-03 13:43:24 ] [ INFO ] [ ../data/data.hpp ] [ 199 ] [ update end_time: 13:43:22 to 13:43:24 work_time: 11.200000 ]
[ 2020-07-03 13:43:26 ] [ INFO ] [ server.cc ] [ 125 ] [ Get clock ]
[ 2020-07-03 13:43:26 ] [ INFO ] [ server.cc ] [ 127 ] [ id: 74 ]
[ 2020-07-03 13:43:26 ] [ INFO ] [ ../data/data.hpp ] [ 153 ] [ check_in info add ]
[ 2020-07-03 13:43:26 ] [ INFO ] [ ../data/data.hpp ] [ 164 ] [ sql: select * from check_in_info_74 where date='2020-07-03'; ]
[ 2020-07-03 13:43:26 ] [ INFO ] [ ../data/data.hpp ] [ 170 ] [ select date from check_in_info_74 success ]
[ 2020-07-03 13:43:26 ] [ INFO ] [ ../data/data.hpp ] [ 192 ] [ sql: update check_in_info_74 set end_time='13:43:26' , work_time=11.200000 where date='2020-07-03'; ]
[ 2020-07-03 13:43:26 ] [ INFO ] [ ../data/data.hpp ] [ 198 ] [ update data for check_in_info_74 success ]
[ 2020-07-03 13:43:26 ] [ INFO ] [ ../data/data.hpp ] [ 199 ] [ update end_time: 13:43:24 to 13:43:26 work_time: 11.200000 ]
[ 2020-07-03 13:43:28 ] [ INFO ] [ server.cc ] [ 125 ] [ Get clock ]
[ 2020-07-03 13:43:28 ] [ INFO ] [ server.cc ] [ 127 ] [ id: 74 ]
[ 2020-07-03 13:43:28 ] [ INFO ] [ ../data/data.hpp ] [ 153 ] [ check_in info add ]
[ 2020-07-03 13:43:28 ] [ INFO ] [ ../data/data.hpp ] [ 164 ] [ sql: select * from check_in_info_74 where date='2020-07-03'; ]
[ 2020-07-03 13:43:28 ] [ INFO ] [ ../data/data.hpp ] [ 170 ] [ select date from check_in_info_74 success ]
[ 2020-07-03 13:43:28 ] [ INFO ] [ ../data/data.hpp ] [ 192 ] [ sql: update check_in_info_74 set end_time='13:43:28' , work_time=11.200000 where date='2020-07-03'; ]
[ 2020-07-03 13:43:28 ] [ INFO ] [ ../data/data.hpp ] [ 198 ] [ update data for check_in_info_74 success ]
[ 2020-07-03 13:43:28 ] [ INFO ] [ ../data/data.hpp ] [ 199 ] [ update end_time: 13:43:26 to 13:43:28 work_time: 11.200000 ]
[ 2020-07-03 13:43:30 ] [ INFO ] [ server.cc ] [ 125 ] [ Get clock ]
[ 2020-07-03 13:43:30 ] [ INFO ] [ server.cc ] [ 127 ] [ id: 74 ]
[ 2020-07-03 13:43:30 ] [ INFO ] [ ../data/data.hpp ] [ 153 ] [ check_in info add ]
[ 2020-07-03 13:43:30 ] [ INFO ] [ ../data/data.hpp ] [ 164 ] [ sql: select * from check_in_info_74 where date='2020-07-03'; ]
[ 2020-07-03 13:43:30 ] [ INFO ] [ ../data/data.hpp ] [ 170 ] [ select date from check_in_info_74 success ]
[ 2020-07-03 13:43:30 ] [ INFO ] [ ../data/data.hpp ] [ 192 ] [ sql: update check_in_info_74 set end_time='13:43:30' , work_time=11.200000 where date='2020-07-03'; ]
[ 2020-07-03 13:43:30 ] [ INFO ] [ ../data/data.hpp ] [ 198 ] [ update data for check_in_info_74 success ]
[ 2020-07-03 13:43:30 ] [ INFO ] [ ../data/data.hpp ] [ 199 ] [ update end_time: 13:43:28 to 13:43:30 work_time: 11.200000 ]
[ 2020-07-03 13:43:33 ] [ INFO ] [ server.cc ] [ 125 ] [ Get clock ]
[ 2020-07-03 13:43:33 ] [ INFO ] [ server.cc ] [ 127 ] [ id: 74 ]
[ 2020-07-03 13:43:33 ] [ INFO ] [ ../data/data.hpp ] [ 153 ] [ check_in info add ]
[ 2020-07-03 13:43:33 ] [ INFO ] [ ../data/data.hpp ] [ 164 ] [ sql: select * from check_in_info_74 where date='2020-07-03'; ]
[ 2020-07-03 13:43:33 ] [ INFO ] [ ../data/data.hpp ] [ 170 ] [ select date from check_in_info_74 success ]
[ 2020-07-03 13:43:33 ] [ INFO ] [ ../data/data.hpp ] [ 192 ] [ sql: update check_in_info_74 set end_time='13:43:33' , work_time=11.200000 where date='2020-07-03'; ]
[ 2020-07-03 13:43:33 ] [ INFO ] [ ../data/data.hpp ] [ 198 ] [ update data for check_in_info_74 success ]
[ 2020-07-03 13:43:33 ] [ INFO ] [ ../data/data.hpp ] [ 199 ] [ update end_time: 13:43:30 to 13:43:33 work_time: 11.200000 ]
[ 2020-07-03 13:43:35 ] [ INFO ] [ server.cc ] [ 125 ] [ Get clock ]
[ 2020-07-03 13:43:35 ] [ INFO ] [ server.cc ] [ 127 ] [ id: 74 ]
[ 2020-07-03 13:43:35 ] [ INFO ] [ ../data/data.hpp ] [ 153 ] [ check_in info add ]
[ 2020-07-03 13:43:35 ] [ INFO ] [ ../data/data.hpp ] [ 164 ] [ sql: select * from check_in_info_74 where date='2020-07-03'; ]
[ 2020-07-03 13:43:35 ] [ INFO ] [ ../data/data.hpp ] [ 170 ] [ select date from check_in_info_74 success ]
[ 2020-07-03 13:43:35 ] [ INFO ] [ ../data/data.hpp ] [ 192 ] [ sql: update check_in_info_74 set end_time='13:43:35' , work_time=11.200000 where date='2020-07-03'; ]
[ 2020-07-03 13:43:35 ] [ INFO ] [ ../data/data.hpp ] [ 198 ] [ update data for check_in_info_74 success ]
[ 2020-07-03 13:43:35 ] [ INFO ] [ ../data/data.hpp ] [ 199 ] [ update end_time: 13:43:33 to 13:43:35 work_time: 11.200000 ]
[ 2020-07-03 13:43:37 ] [ INFO ] [ server.cc ] [ 125 ] [ Get clock ]
[ 2020-07-03 13:43:37 ] [ INFO ] [ server.cc ] [ 127 ] [ id: 74 ]
[ 2020-07-03 13:43:37 ] [ INFO ] [ ../data/data.hpp ] [ 153 ] [ check_in info add ]
[ 2020-07-03 13:43:37 ] [ INFO ] [ ../data/data.hpp ] [ 164 ] [ sql: select * from check_in_info_74 where date='2020-07-03'; ]
[ 2020-07-03 13:43:37 ] [ INFO ] [ ../data/data.hpp ] [ 170 ] [ select date from check_in_info_74 success ]
[ 2020-07-03 13:43:37 ] [ INFO ] [ ../data/data.hpp ] [ 192 ] [ sql: update check_in_info_74 set end_time='13:43:37' , work_time=11.200000 where date='2020-07-03'; ]
[ 2020-07-03 13:43:37 ] [ INFO ] [ ../data/data.hpp ] [ 198 ] [ update data for check_in_info_74 success ]
[ 2020-07-03 13:43:37 ] [ INFO ] [ ../data/data.hpp ] [ 199 ] [ update end_time: 13:43:35 to 13:43:37 work_time: 11.200000 ]
[ 2020-07-03 13:43:40 ] [ INFO ] [ server.cc ] [ 125 ] [ Get clock ]
[ 2020-07-03 13:43:40 ] [ INFO ] [ server.cc ] [ 127 ] [ id: 74 ]
[ 2020-07-03 13:43:40 ] [ INFO ] [ ../data/data.hpp ] [ 153 ] [ check_in info add ]
[ 2020-07-03 13:43:40 ] [ INFO ] [ ../data/data.hpp ] [ 164 ] [ sql: select * from check_in_info_74 where date='2020-07-03'; ]
[ 2020-07-03 13:43:40 ] [ INFO ] [ ../data/data.hpp ] [ 170 ] [ select date from check_in_info_74 success ]
[ 2020-07-03 13:43:40 ] [ INFO ] [ ../data/data.hpp ] [ 192 ] [ sql: update check_in_info_74 set end_time='13:43:40' , work_time=11.200000 where date='2020-07-03'; ]
[ 2020-07-03 13:43:40 ] [ INFO ] [ ../data/data.hpp ] [ 198 ] [ update data for check_in_info_74 success ]
[ 2020-07-03 13:43:40 ] [ INFO ] [ ../data/data.hpp ] [ 199 ] [ update end_time: 13:43:37 to 13:43:40 work_time: 11.200000 ]
[ 2020-07-03 13:43:47 ] [ INFO ] [ server.cc ] [ 125 ] [ Get clock ]
[ 2020-07-03 13:43:47 ] [ INFO ] [ server.cc ] [ 127 ] [ id: 74 ]
[ 2020-07-03 13:43:47 ] [ INFO ] [ ../data/data.hpp ] [ 153 ] [ check_in info add ]
[ 2020-07-03 13:43:47 ] [ INFO ] [ ../data/data.hpp ] [ 164 ] [ sql: select * from check_in_info_74 where date='2020-07-03'; ]
[ 2020-07-03 13:43:47 ] [ INFO ] [ ../data/data.hpp ] [ 170 ] [ select date from check_in_info_74 success ]
[ 2020-07-03 13:43:47 ] [ INFO ] [ ../data/data.hpp ] [ 192 ] [ sql: update check_in_info_74 set end_time='13:43:47' , work_time=11.200000 where date='2020-07-03'; ]
[ 2020-07-03 13:43:47 ] [ INFO ] [ ../data/data.hpp ] [ 198 ] [ update data for check_in_info_74 success ]
[ 2020-07-03 13:43:47 ] [ INFO ] [ ../data/data.hpp ] [ 199 ] [ update end_time: 13:43:40 to 13:43:47 work_time: 11.200000 ]
[ 2020-07-03 13:43:49 ] [ INFO ] [ server.cc ] [ 125 ] [ Get clock ]
[ 2020-07-03 13:43:49 ] [ INFO ] [ server.cc ] [ 127 ] [ id: 74 ]
[ 2020-07-03 13:43:49 ] [ INFO ] [ ../data/data.hpp ] [ 153 ] [ check_in info add ]
[ 2020-07-03 13:43:49 ] [ INFO ] [ ../data/data.hpp ] [ 164 ] [ sql: select * from check_in_info_74 where date='2020-07-03'; ]
[ 2020-07-03 13:43:49 ] [ INFO ] [ ../data/data.hpp ] [ 170 ] [ select date from check_in_info_74 success ]
[ 2020-07-03 13:43:49 ] [ INFO ] [ ../data/data.hpp ] [ 192 ] [ sql: update check_in_info_74 set end_time='13:43:49' , work_time=11.200000 where date='2020-07-03'; ]
[ 2020-07-03 13:43:49 ] [ INFO ] [ ../data/data.hpp ] [ 198 ] [ update data for check_in_info_74 success ]
[ 2020-07-03 13:43:49 ] [ INFO ] [ ../data/data.hpp ] [ 199 ] [ update end_time: 13:43:47 to 13:43:49 work_time: 11.200000 ]
[ 2020-07-03 13:44:00 ] [ INFO ] [ server.cc ] [ 125 ] [ Get clock ]
[ 2020-07-03 13:44:00 ] [ INFO ] [ server.cc ] [ 127 ] [ id: 74 ]
[ 2020-07-03 13:44:00 ] [ INFO ] [ ../data/data.hpp ] [ 153 ] [ check_in info add ]
[ 2020-07-03 13:44:00 ] [ INFO ] [ ../data/data.hpp ] [ 164 ] [ sql: select * from check_in_info_74 where date='2020-07-03'; ]
[ 2020-07-03 13:44:00 ] [ INFO ] [ ../data/data.hpp ] [ 170 ] [ select date from check_in_info_74 success ]
[ 2020-07-03 13:44:00 ] [ INFO ] [ ../data/data.hpp ] [ 192 ] [ sql: update check_in_info_74 set end_time='13:44:00' , work_time=11.216666 where date='2020-07-03'; ]
[ 2020-07-03 13:44:00 ] [ INFO ] [ ../data/data.hpp ] [ 198 ] [ update data for check_in_info_74 success ]
[ 2020-07-03 13:44:00 ] [ INFO ] [ ../data/data.hpp ] [ 199 ] [ update end_time: 13:43:49 to 13:44:00 work_time: 11.216666 ]
[ 2020-07-03 13:48:35 ] [ INFO ] [ server.cc ] [ 125 ] [ Get clock ]
[ 2020-07-03 13:48:35 ] [ INFO ] [ server.cc ] [ 127 ] [ id: 75 ]
[ 2020-07-03 13:48:35 ] [ INFO ] [ ../data/data.hpp ] [ 153 ] [ check_in info add ]
[ 2020-07-03 13:48:35 ] [ INFO ] [ ../data/data.hpp ] [ 164 ] [ sql: select * from check_in_info_75 where date='2020-07-03'; ]
[ 2020-07-03 13:48:35 ] [ INFO ] [ ../data/data.hpp ] [ 170 ] [ select date from check_in_info_75 success ]
[ 2020-07-03 13:48:35 ] [ INFO ] [ ../data/data.hpp ] [ 178 ] [ sql: insert into check_in_info_75(date, start_time, end_time, work_time) values('2020-07-03', '13:48:35', '13:48:35', 0.0); ]
[ 2020-07-03 13:48:35 ] [ INFO ] [ ../data/data.hpp ] [ 184 ] [ add data for check_in_info_75 success ]
[ 2020-07-03 13:48:40 ] [ INFO ] [ server.cc ] [ 125 ] [ Get clock ]
[ 2020-07-03 13:48:40 ] [ INFO ] [ server.cc ] [ 127 ] [ id: 75 ]
[ 2020-07-03 13:48:40 ] [ INFO ] [ ../data/data.hpp ] [ 153 ] [ check_in info add ]
[ 2020-07-03 13:48:40 ] [ INFO ] [ ../data/data.hpp ] [ 164 ] [ sql: select * from check_in_info_75 where date='2020-07-03'; ]
[ 2020-07-03 13:48:40 ] [ INFO ] [ ../data/data.hpp ] [ 170 ] [ select date from check_in_info_75 success ]
[ 2020-07-03 13:48:40 ] [ INFO ] [ ../data/data.hpp ] [ 192 ] [ sql: update check_in_info_75 set end_time='13:48:40' , work_time=0.000000 where date='2020-07-03'; ]
[ 2020-07-03 13:48:40 ] [ INFO ] [ ../data/data.hpp ] [ 198 ] [ update data for check_in_info_75 success ]
[ 2020-07-03 13:48:40 ] [ INFO ] [ ../data/data.hpp ] [ 199 ] [ update end_time: 13:48:35 to 13:48:40 work_time: 0.000000 ]
[ 2020-07-03 13:48:42 ] [ INFO ] [ server.cc ] [ 125 ] [ Get clock ]
[ 2020-07-03 13:48:42 ] [ INFO ] [ server.cc ] [ 127 ] [ id: 75 ]
[ 2020-07-03 13:48:42 ] [ INFO ] [ ../data/data.hpp ] [ 153 ] [ check_in info add ]
[ 2020-07-03 13:48:42 ] [ INFO ] [ ../data/data.hpp ] [ 164 ] [ sql: select * from check_in_info_75 where date='2020-07-03'; ]
[ 2020-07-03 13:48:42 ] [ INFO ] [ ../data/data.hpp ] [ 170 ] [ select date from check_in_info_75 success ]
[ 2020-07-03 13:48:42 ] [ INFO ] [ ../data/data.hpp ] [ 192 ] [ sql: update check_in_info_75 set end_time='13:48:42' , work_time=0.000000 where date='2020-07-03'; ]
[ 2020-07-03 13:48:42 ] [ INFO ] [ ../data/data.hpp ] [ 198 ] [ update data for check_in_info_75 success ]
[ 2020-07-03 13:48:42 ] [ INFO ] [ ../data/data.hpp ] [ 199 ] [ update end_time: 13:48:40 to 13:48:42 work_time: 0.000000 ]
[ 2020-07-03 13:49:13 ] [ INFO ] [ server.cc ] [ 125 ] [ Get clock ]
[ 2020-07-03 13:49:13 ] [ INFO ] [ server.cc ] [ 127 ] [ id: 75 ]
[ 2020-07-03 13:49:13 ] [ INFO ] [ ../data/data.hpp ] [ 153 ] [ check_in info add ]
[ 2020-07-03 13:49:13 ] [ INFO ] [ ../data/data.hpp ] [ 164 ] [ sql: select * from check_in_info_75 where date='2020-07-03'; ]
[ 2020-07-03 13:49:13 ] [ INFO ] [ ../data/data.hpp ] [ 170 ] [ select date from check_in_info_75 success ]
[ 2020-07-03 13:49:13 ] [ INFO ] [ ../data/data.hpp ] [ 192 ] [ sql: update check_in_info_75 set end_time='13:49:13' , work_time=0.016667 where date='2020-07-03'; ]
[ 2020-07-03 13:49:13 ] [ INFO ] [ ../data/data.hpp ] [ 198 ] [ update data for check_in_info_75 success ]
[ 2020-07-03 13:49:13 ] [ INFO ] [ ../data/data.hpp ] [ 199 ] [ update end_time: 13:48:42 to 13:49:13 work_time: 0.016667 ]
[ 2020-07-03 13:53:00 ] [ INFO ] [ server.cc ] [ 125 ] [ Get clock ]
[ 2020-07-03 13:53:00 ] [ INFO ] [ server.cc ] [ 127 ] [ id: 75 ]
[ 2020-07-03 13:53:00 ] [ INFO ] [ ../data/data.hpp ] [ 153 ] [ check_in info add ]
[ 2020-07-03 13:53:00 ] [ INFO ] [ ../data/data.hpp ] [ 164 ] [ sql: select * from check_in_info_75 where date='2020-07-03'; ]
[ 2020-07-03 13:53:00 ] [ INFO ] [ ../data/data.hpp ] [ 170 ] [ select date from check_in_info_75 success ]
[ 2020-07-03 13:53:00 ] [ INFO ] [ ../data/data.hpp ] [ 192 ] [ sql: update check_in_info_75 set end_time='13:53:00' , work_time=0.083333 where date='2020-07-03'; ]
[ 2020-07-03 13:53:00 ] [ INFO ] [ ../data/data.hpp ] [ 198 ] [ update data for check_in_info_75 success ]
[ 2020-07-03 13:53:00 ] [ INFO ] [ ../data/data.hpp ] [ 199 ] [ update end_time: 13:49:13 to 13:53:00 work_time: 0.083333 ]
[ 2020-07-06 08:43:44 ] [ INFO ] [ server.cc ] [ 22 ] [ Connection to database succeeded ]
[ 2020-07-06 08:43:57 ] [ INFO ] [ server.cc ] [ 41 ] [ get submit.html ]
[ 2020-07-06 08:44:05 ] [ INFO ] [ ../data/data.hpp ] [ 70 ] [ get browse data ]
[ 2020-07-06 08:44:06 ] [ INFO ] [ ../data/data.hpp ] [ 70 ] [ get browse data ]
[ 2020-07-06 08:44:06 ] [ INFO ] [ ../data/data.hpp ] [ 70 ] [ get browse data ]
[ 2020-07-06 08:44:07 ] [ INFO ] [ ../data/data.hpp ] [ 70 ] [ get browse data ]
[ 2020-07-06 08:44:08 ] [ INFO ] [ ../data/data.hpp ] [ 70 ] [ get browse data ]
[ 2020-07-06 08:44:17 ] [ INFO ] [ ../data/data.hpp ] [ 70 ] [ get browse data ]
[ 2020-07-06 08:44:17 ] [ INFO ] [ ../data/data.hpp ] [ 70 ] [ get browse data ]
[ 2020-07-06 08:44:17 ] [ INFO ] [ ../data/data.hpp ] [ 70 ] [ get browse data ]
[ 2020-07-06 08:47:51 ] [ INFO ] [ server.cc ] [ 22 ] [ Connection to database succeeded ]
[ 2020-07-06 08:47:59 ] [ INFO ] [ ../data/data.hpp ] [ 70 ] [ get browse data ]
[ 2020-07-06 08:48:00 ] [ INFO ] [ ../data/data.hpp ] [ 70 ] [ get browse data ]
[ 2020-07-06 08:48:00 ] [ INFO ] [ ../data/data.hpp ] [ 70 ] [ get browse data ]
[ 2020-07-06 08:48:00 ] [ INFO ] [ ../data/data.hpp ] [ 70 ] [ get browse data ]
[ 2020-07-06 08:48:00 ] [ INFO ] [ ../data/data.hpp ] [ 70 ] [ get browse data ]
[ 2020-07-06 08:48:40 ] [ INFO ] [ ../data/data.hpp ] [ 70 ] [ get browse data ]
[ 2020-07-06 08:48:42 ] [ INFO ] [ ../data/data.hpp ] [ 70 ] [ get browse data ]
[ 2020-07-06 08:50:06 ] [ INFO ] [ server.cc ] [ 22 ] [ Connection to database succeeded ]
[ 2020-07-06 08:50:10 ] [ INFO ] [ ../data/data.hpp ] [ 70 ] [ get browse data ]
[ 2020-07-06 08:59:53 ] [ INFO ] [ server.cc ] [ 22 ] [ Connection to database succeeded ]
[ 2020-07-06 08:59:58 ] [ INFO ] [ ../data/data.hpp ] [ 70 ] [ get browse data ]
[ 2020-07-06 09:00:32 ] [ INFO ] [ server.cc ] [ 22 ] [ Connection to database succeeded ]
[ 2020-07-06 09:00:36 ] [ INFO ] [ ../data/data.hpp ] [ 70 ] [ get browse data ]
[ 2020-07-06 09:00:36 ] [ INFO ] [ ../data/data.hpp ] [ 73 ] [ sql: select id,ename,age,feature from faceinfo; ]
[ 2020-07-06 09:05:48 ] [ INFO ] [ server.cc ] [ 22 ] [ Connection to database succeeded ]
[ 2020-07-06 09:05:53 ] [ INFO ] [ ../data/data.hpp ] [ 70 ] [ get browse data ]
[ 2020-07-06 09:05:53 ] [ INFO ] [ ../data/data.hpp ] [ 73 ] [ sql: select id,ename,age,feature from faceinfo; ]
[ 2020-07-06 09:06:58 ] [ INFO ] [ server.cc ] [ 22 ] [ Connection to database succeeded ]
[ 2020-07-06 09:07:02 ] [ INFO ] [ ../data/data.hpp ] [ 70 ] [ get browse data ]
[ 2020-07-06 09:07:02 ] [ INFO ] [ ../data/data.hpp ] [ 73 ] [ sql: select id,name,ename,sex,age from faceinfo; ]
[ 2020-07-06 09:08:34 ] [ INFO ] [ server.cc ] [ 22 ] [ Connection to database succeeded ]
[ 2020-07-06 09:08:37 ] [ INFO ] [ ../data/data.hpp ] [ 70 ] [ get browse data ]
[ 2020-07-06 09:08:37 ] [ INFO ] [ ../data/data.hpp ] [ 73 ] [ sql: select id,name,ename,sex,age from faceinfo; ]
[ 2020-07-06 09:13:52 ] [ INFO ] [ server.cc ] [ 22 ] [ Connection to database succeeded ]
[ 2020-07-06 09:13:57 ] [ INFO ] [ ../data/data.hpp ] [ 70 ] [ get browse data ]
[ 2020-07-06 09:13:57 ] [ INFO ] [ ../data/data.hpp ] [ 73 ] [ sql: select id,name,ename,sex,age from faceinfo; ]
[ 2020-07-06 09:50:37 ] [ INFO ] [ server.cc ] [ 22 ] [ Connection to database succeeded ]
[ 2020-07-06 09:50:43 ] [ INFO ] [ ../data/data.hpp ] [ 102 ] [ get browse data ]
[ 2020-07-06 09:50:43 ] [ INFO ] [ ../data/data.hpp ] [ 105 ] [ sql: select id,name,ename,sex,age from faceinfo; ]
[ 2020-07-06 09:50:44 ] [ INFO ] [ ../data/data.hpp ] [ 71 ] [ get browse check info ]
[ 2020-07-06 09:50:44 ] [ INFO ] [ ../data/data.hpp ] [ 73 ] [ sql: select * from check_in_info_74; ]
[ 2020-07-06 10:10:48 ] [ INFO ] [ server.cc ] [ 22 ] [ Connection to database succeeded ]
[ 2020-07-06 10:10:52 ] [ INFO ] [ ../data/data.hpp ] [ 102 ] [ get browse data ]
[ 2020-07-06 10:10:52 ] [ INFO ] [ ../data/data.hpp ] [ 105 ] [ sql: select id,name,ename,sex,age from faceinfo; ]
[ 2020-07-06 10:10:53 ] [ INFO ] [ ../data/data.hpp ] [ 71 ] [ get browse check info ]
[ 2020-07-06 10:10:53 ] [ INFO ] [ ../data/data.hpp ] [ 73 ] [ sql: select * from check_in_info_73; ]
[ 2020-07-06 10:10:58 ] [ INFO ] [ ../data/data.hpp ] [ 71 ] [ get browse check info ]
[ 2020-07-06 10:10:58 ] [ INFO ] [ ../data/data.hpp ] [ 73 ] [ sql: select * from check_in_info_73; ]
[ 2020-07-06 10:11:01 ] [ INFO ] [ ../data/data.hpp ] [ 71 ] [ get browse check info ]
[ 2020-07-06 10:11:01 ] [ INFO ] [ ../data/data.hpp ] [ 73 ] [ sql: select * from check_in_info_74; ]
[ 2020-07-06 10:11:04 ] [ INFO ] [ ../data/data.hpp ] [ 71 ] [ get browse check info ]
[ 2020-07-06 10:11:04 ] [ INFO ] [ ../data/data.hpp ] [ 73 ] [ sql: select * from check_in_info_75; ]
[ 2020-07-06 10:11:18 ] [ INFO ] [ ../data/data.hpp ] [ 102 ] [ get browse data ]
[ 2020-07-06 10:11:18 ] [ INFO ] [ ../data/data.hpp ] [ 105 ] [ sql: select id,name,ename,sex,age from faceinfo; ]
[ 2020-07-06 10:11:20 ] [ INFO ] [ ../data/data.hpp ] [ 71 ] [ get browse check info ]
[ 2020-07-06 10:11:20 ] [ INFO ] [ ../data/data.hpp ] [ 73 ] [ sql: select * from check_in_info_74; ]
[ 2020-07-06 10:11:23 ] [ INFO ] [ ../data/data.hpp ] [ 71 ] [ get browse check info ]
[ 2020-07-06 10:11:23 ] [ INFO ] [ ../data/data.hpp ] [ 73 ] [ sql: select * from check_in_info_75; ]
[ 2020-07-06 11:01:57 ] [ INFO ] [ server.cc ] [ 41 ] [ get submit.html ]
[ 2020-07-06 11:02:07 ] [ INFO ] [ ../data/data.hpp ] [ 102 ] [ get browse data ]
[ 2020-07-06 11:02:07 ] [ INFO ] [ ../data/data.hpp ] [ 105 ] [ sql: select id,name,ename,sex,age from faceinfo; ]
[ 2020-07-06 11:02:10 ] [ INFO ] [ ../data/data.hpp ] [ 71 ] [ get browse check info ]
[ 2020-07-06 11:02:10 ] [ INFO ] [ ../data/data.hpp ] [ 73 ] [ sql: select * from check_in_info_74; ]
[ 2020-07-06 11:02:25 ] [ INFO ] [ ../data/data.hpp ] [ 71 ] [ get browse check info ]
[ 2020-07-06 11:02:25 ] [ INFO ] [ ../data/data.hpp ] [ 73 ] [ sql: select * from check_in_info_75; ]
[ 2020-07-06 11:02:29 ] [ INFO ] [ ../data/data.hpp ] [ 71 ] [ get browse check info ]
[ 2020-07-06 11:02:29 ] [ INFO ] [ ../data/data.hpp ] [ 73 ] [ sql: select * from check_in_info_75; ]
[ 2020-07-06 11:02:32 ] [ INFO ] [ ../data/data.hpp ] [ 71 ] [ get browse check info ]
[ 2020-07-06 11:02:32 ] [ INFO ] [ ../data/data.hpp ] [ 73 ] [ sql: select * from check_in_info_74; ]
[ 2020-07-06 11:24:41 ] [ INFO ] [ ../data/data.hpp ] [ 71 ] [ get browse check info ]
[ 2020-07-06 11:24:41 ] [ INFO ] [ ../data/data.hpp ] [ 73 ] [ sql: select * from check_in_info_74; ]
[ 2020-07-06 12:18:58 ] [ INFO ] [ ../data/data.hpp ] [ 102 ] [ get browse data ]
[ 2020-07-06 12:18:58 ] [ INFO ] [ ../data/data.hpp ] [ 105 ] [ sql: select id,name,ename,sex,age from faceinfo; ]
[ 2020-07-06 13:26:13 ] [ INFO ] [ ../data/data.hpp ] [ 102 ] [ get browse data ]
[ 2020-07-06 13:26:13 ] [ INFO ] [ ../data/data.hpp ] [ 105 ] [ sql: select id,name,ename,sex,age from faceinfo; ]
[ 2020-07-06 13:26:14 ] [ INFO ] [ ../data/data.hpp ] [ 71 ] [ get browse check info ]
[ 2020-07-06 13:26:14 ] [ INFO ] [ ../data/data.hpp ] [ 73 ] [ sql: select * from check_in_info_73; ]
[ 2020-07-06 13:50:58 ] [ INFO ] [ server.cc ] [ 41 ] [ get submit.html ]
[ 2020-07-06 13:54:33 ] [ INFO ] [ ../data/data.hpp ] [ 102 ] [ get browse data ]
[ 2020-07-06 13:54:33 ] [ INFO ] [ ../data/data.hpp ] [ 105 ] [ sql: select id,name,ename,sex,age from faceinfo; ]
[ 2020-07-06 13:54:42 ] [ INFO ] [ ../data/data.hpp ] [ 71 ] [ get browse check info ]
[ 2020-07-06 13:54:42 ] [ INFO ] [ ../data/data.hpp ] [ 73 ] [ sql: select * from check_in_info_74; ]
[ 2020-07-06 13:54:47 ] [ INFO ] [ ../data/data.hpp ] [ 71 ] [ get browse check info ]
[ 2020-07-06 13:54:47 ] [ INFO ] [ ../data/data.hpp ] [ 73 ] [ sql: select * from check_in_info_75; ]
[ 2020-07-06 14:59:03 ] [ INFO ] [ ../data/data.hpp ] [ 102 ] [ get browse data ]
[ 2020-07-06 14:59:03 ] [ INFO ] [ ../data/data.hpp ] [ 105 ] [ sql: select id,name,ename,sex,age from faceinfo; ]
[ 2020-07-06 14:59:07 ] [ INFO ] [ ../data/data.hpp ] [ 71 ] [ get browse check info ]
[ 2020-07-06 14:59:07 ] [ INFO ] [ ../data/data.hpp ] [ 73 ] [ sql: select * from check_in_info_74; ]
